npm warn Unknown project config "public-hoist-pattern". This will stop working in the next major version of npm.

> build
> vite build

vite v8.0.3 building client environment for production...
[plugin @laravel/vite-plugin-wayfinder] Types generated for actions, routes, form variants
[2Ktransforming...✓ 2489 modules transformed.
rendering chunks...
✗ Build failed in 8.21s
error during build:
Build failed with 6 errors:

[31m[MISSING_EXPORT] Error:[0m "register" is not exported by "resources/js/routes/index.ts".
   [38;5;246m╭[0m[38;5;246m─[0m[38;5;246m[[0m resources/js/pages/welcome.tsx:3:28 [38;5;246m][0m
   [38;5;246m│[0m
 [38;5;246m3 │[0m [38;5;249mi[0m[38;5;249mm[0m[38;5;249mp[0m[38;5;249mo[0m[38;5;249mr[0m[38;5;249mt[0m[38;5;249m [0m[38;5;249m{[0m[38;5;249m [0m[38;5;249md[0m[38;5;249ma[0m[38;5;249ms[0m[38;5;249mh[0m[38;5;249mb[0m[38;5;249mo[0m[38;5;249ma[0m[38;5;249mr[0m[38;5;249md[0m[38;5;249m,[0m[38;5;249m [0m[38;5;249ml[0m[38;5;249mo[0m[38;5;249mg[0m[38;5;249mi[0m[38;5;249mn[0m[38;5;249m,[0m[38;5;249m [0mregister[38;5;249m [0m[38;5;249m}[0m[38;5;249m [0m[38;5;249mf[0m[38;5;249mr[0m[38;5;249mo[0m[38;5;249mm[0m[38;5;249m [0m[38;5;249m"[0m[38;5;249m@[0m[38;5;249m/[0m[38;5;249mr[0m[38;5;249mo[0m[38;5;249mu[0m[38;5;249mt[0m[38;5;249me[0m[38;5;249ms[0m[38;5;249m"[0m[38;5;249m;[0m
 [38;5;240m  │[0m                            ────┬───  
 [38;5;240m  │[0m                                ╰───── Missing export
[38;5;246m───╯[0m

[31m[MISSING_EXPORT] Error:[0m "adminStudentsIndex" is not exported by "resources/js/routes/index.ts".
   [38;5;246m╭[0m[38;5;246m─[0m[38;5;246m[[0m resources/js/components/app-sidebar.tsx:8:21 [38;5;246m][0m
   [38;5;246m│[0m
 [38;5;246m8 │[0m [38;5;249mi[0m[38;5;249mm[0m[38;5;249mp[0m[38;5;249mo[0m[38;5;249mr[0m[38;5;249mt[0m[38;5;249m [0m[38;5;249m{[0m[38;5;249m [0m[38;5;249md[0m[38;5;249ma[0m[38;5;249ms[0m[38;5;249mh[0m[38;5;249mb[0m[38;5;249mo[0m[38;5;249ma[0m[38;5;249mr[0m[38;5;249md[0m[38;5;249m,[0m[38;5;249m [0madminStudentsIndex[38;5;249m,[0m[38;5;249m [0m[38;5;249ma[0m[38;5;249md[0m[38;5;249mm[0m[38;5;249mi[0m[38;5;249mn[0m[38;5;249mA[0m[38;5;249ms[0m[38;5;249mp[0m[38;5;249mi[0m[38;5;249mr[0m[38;5;249ma[0m[38;5;249mt[0m[38;5;249mi[0m[38;5;249mo[0m[38;5;249mn[0m[38;5;249ms[0m[38;5;249mI[0m[38;5;249mn[0m[38;5;249md[0m[38;5;249me[0m[38;5;249mx[0m[38;5;249m,[0m[38;5;249m [0m[38;5;249ms[0m[38;5;249mt[0m[38;5;249mu[0m[38;5;249md[0m[38;5;249me[0m[38;5;249mn[0m[38;5;249mt[0m[38;5;249mD[0m[38;5;249ma[0m[38;5;249ms[0m[38;5;249mh[0m[38;5;249mb[0m[38;5;249mo[0m[38;5;249ma[0m[38;5;249mr[0m[38;5;249md[0m[38;5;249m,[0m[38;5;249m [0m[38;5;249ms[0m[38;5;249mt[0m[38;5;249mu[0m[38;5;249md[0m[38;5;249me[0m[38;5;249mn[0m[38;5;249mt[0m[38;5;249mA[0m[38;5;249ms[0m[38;5;249mp[0m[38;5;249mi[0m[38;5;249mr[0m[38;5;249ma[0m[38;5;249mt[0m[38;5;249mi[0m[38;5;249mo[0m[38;5;249mn[0m[38;5;249ms[0m[38;5;249mI[0m[38;5;249mn[0m[38;5;249md[0m[38;5;249me[0m[38;5;249mx[0m[38;5;249m [0m[38;5;249m}[0m[38;5;249m [0m[38;5;249mf[0m[38;5;249mr[0m[38;5;249mo[0m[38;5;249mm[0m[38;5;249m [0m[38;5;249m"[0m[38;5;249m@[0m[38;5;249m/[0m[38;5;249mr[0m[38;5;249mo[0m[38;5;249mu[0m[38;5;249mt[0m[38;5;249me[0m[38;5;249ms[0m[38;5;249m"[0m[38;5;249m;[0m
 [38;5;240m  │[0m                     ─────────┬────────  
 [38;5;240m  │[0m                              ╰────────── Missing export
[38;5;246m───╯[0m

[31m[MISSING_EXPORT] Error:[0m "adminAspirationsIndex" is not exported by "resources/js/routes/index.ts".
   [38;5;246m╭[0m[38;5;246m─[0m[38;5;246m[[0m resources/js/components/app-sidebar.tsx:8:41 [38;5;246m][0m
   [38;5;246m│[0m
 [38;5;246m8 │[0m [38;5;249mi[0m[38;5;249mm[0m[38;5;249mp[0m[38;5;249mo[0m[38;5;249mr[0m[38;5;249mt[0m[38;5;249m [0m[38;5;249m{[0m[38;5;249m [0m[38;5;249md[0m[38;5;249ma[0m[38;5;249ms[0m[38;5;249mh[0m[38;5;249mb[0m[38;5;249mo[0m[38;5;249ma[0m[38;5;249mr[0m[38;5;249md[0m[38;5;249m,[0m[38;5;249m [0m[38;5;249ma[0m[38;5;249md[0m[38;5;249mm[0m[38;5;249mi[0m[38;5;249mn[0m[38;5;249mS[0m[38;5;249mt[0m[38;5;249mu[0m[38;5;249md[0m[38;5;249me[0m[38;5;249mn[0m[38;5;249mt[0m[38;5;249ms[0m[38;5;249mI[0m[38;5;249mn[0m[38;5;249md[0m[38;5;249me[0m[38;5;249mx[0m[38;5;249m,[0m[38;5;249m [0madminAspirationsIndex[38;5;249m,[0m[38;5;249m [0m[38;5;249ms[0m[38;5;249mt[0m[38;5;249mu[0m[38;5;249md[0m[38;5;249me[0m[38;5;249mn[0m[38;5;249mt[0m[38;5;249mD[0m[38;5;249ma[0m[38;5;249ms[0m[38;5;249mh[0m[38;5;249mb[0m[38;5;249mo[0m[38;5;249ma[0m[38;5;249mr[0m[38;5;249md[0m[38;5;249m,[0m[38;5;249m [0m[38;5;249ms[0m[38;5;249mt[0m[38;5;249mu[0m[38;5;249md[0m[38;5;249me[0m[38;5;249mn[0m[38;5;249mt[0m[38;5;249mA[0m[38;5;249ms[0m[38;5;249mp[0m[38;5;249mi[0m[38;5;249mr[0m[38;5;249ma[0m[38;5;249mt[0m[38;5;249mi[0m[38;5;249mo[0m[38;5;249mn[0m[38;5;249ms[0m[38;5;249mI[0m[38;5;249mn[0m[38;5;249md[0m[38;5;249me[0m[38;5;249mx[0m[38;5;249m [0m[38;5;249m}[0m[38;5;249m [0m[38;5;249mf[0m[38;5;249mr[0m[38;5;249mo[0m[38;5;249mm[0m[38;5;249m [0m[38;5;249m"[0m[38;5;249m@[0m[38;5;249m/[0m[38;5;249mr[0m[38;5;249mo[0m[38;5;249mu[0m[38;5;249mt[0m[38;5;249me[0m[38;5;249ms[0m[38;5;249m"[0m[38;5;249m;[0m
 [38;5;240m  │[0m                                         ──────────┬──────────  
 [38;5;240m  │[0m                                                   ╰──────────── Missing export
[38;5;246m───╯[0m

[31m[MISSING_EXPORT] Error:[0m "studentDashboard" is not exported by "resources/js/routes/index.ts".
   [38;5;246m╭[0m[38;5;246m─[0m[38;5;246m[[0m resources/js/components/app-sidebar.tsx:8:64 [38;5;246m][0m
   [38;5;246m│[0m
 [38;5;246m8 │[0m [38;5;249mi[0m[38;5;249mm[0m[38;5;249mp[0m[38;5;249mo[0m[38;5;249mr[0m[38;5;249mt[0m[38;5;249m [0m[38;5;249m{[0m[38;5;249m [0m[38;5;249md[0m[38;5;249ma[0m[38;5;249ms[0m[38;5;249mh[0m[38;5;249mb[0m[38;5;249mo[0m[38;5;249ma[0m[38;5;249mr[0m[38;5;249md[0m[38;5;249m,[0m[38;5;249m [0m[38;5;249ma[0m[38;5;249md[0m[38;5;249mm[0m[38;5;249mi[0m[38;5;249mn[0m[38;5;249mS[0m[38;5;249mt[0m[38;5;249mu[0m[38;5;249md[0m[38;5;249me[0m[38;5;249mn[0m[38;5;249mt[0m[38;5;249ms[0m[38;5;249mI[0m[38;5;249mn[0m[38;5;249md[0m[38;5;249me[0m[38;5;249mx[0m[38;5;249m,[0m[38;5;249m [0m[38;5;249ma[0m[38;5;249md[0m[38;5;249mm[0m[38;5;249mi[0m[38;5;249mn[0m[38;5;249mA[0m[38;5;249ms[0m[38;5;249mp[0m[38;5;249mi[0m[38;5;249mr[0m[38;5;249ma[0m[38;5;249mt[0m[38;5;249mi[0m[38;5;249mo[0m[38;5;249mn[0m[38;5;249ms[0m[38;5;249mI[0m[38;5;249mn[0m[38;5;249md[0m[38;5;249me[0m[38;5;249mx[0m[38;5;249m,[0m[38;5;249m [0mstudentDashboard[38;5;249m,[0m[38;5;249m [0m[38;5;249ms[0m[38;5;249mt[0m[38;5;249mu[0m[38;5;249md[0m[38;5;249me[0m[38;5;249mn[0m[38;5;249mt[0m[38;5;249mA[0m[38;5;249ms[0m[38;5;249mp[0m[38;5;249mi[0m[38;5;249mr[0m[38;5;249ma[0m[38;5;249mt[0m[38;5;249mi[0m[38;5;249mo[0m[38;5;249mn[0m[38;5;249ms[0m[38;5;249mI[0m[38;5;249mn[0m[38;5;249md[0m[38;5;249me[0m[38;5;249mx[0m[38;5;249m [0m[38;5;249m}[0m[38;5;249m [0m[38;5;249mf[0m[38;5;249mr[0m[38;5;249mo[0m[38;5;249mm[0m[38;5;249m [0m[38;5;249m"[0m[38;5;249m@[0m[38;5;249m/[0m[38;5;249mr[0m[38;5;249mo[0m[38;5;249mu[0m[38;5;249mt[0m[38;5;249me[0m[38;5;249ms[0m[38;5;249m"[0m[38;5;249m;[0m
 [38;5;240m  │[0m                                                                ────────┬───────  
 [38;5;240m  │[0m                                                                        ╰───────── Missing export
[38;5;246m───╯[0m

[31m[MISSING_EXPORT] Error:[0m "studentAspirationsIndex" is not exported by "resources/js/routes/index.ts".
   [38;5;246m╭[0m[38;5;246m─[0m[38;5;246m[[0m resources/js/components/app-sidebar.tsx:8:82 [38;5;246m][0m
   [38;5;246m│[0m
 [38;5;246m8 │[0m [38;5;249mi[0m[38;5;249mm[0m[38;5;249mp[0m[38;5;249mo[0m[38;5;249mr[0m[38;5;249mt[0m[38;5;249m [0m[38;5;249m{[0m[38;5;249m [0m[38;5;249md[0m[38;5;249ma[0m[38;5;249ms[0m[38;5;249mh[0m[38;5;249mb[0m[38;5;249mo[0m[38;5;249ma[0m[38;5;249mr[0m[38;5;249md[0m[38;5;249m,[0m[38;5;249m [0m[38;5;249ma[0m[38;5;249md[0m[38;5;249mm[0m[38;5;249mi[0m[38;5;249mn[0m[38;5;249mS[0m[38;5;249mt[0m[38;5;249mu[0m[38;5;249md[0m[38;5;249me[0m[38;5;249mn[0m[38;5;249mt[0m[38;5;249ms[0m[38;5;249mI[0m[38;5;249mn[0m[38;5;249md[0m[38;5;249me[0m[38;5;249mx[0m[38;5;249m,[0m[38;5;249m [0m[38;5;249ma[0m[38;5;249md[0m[38;5;249mm[0m[38;5;249mi[0m[38;5;249mn[0m[38;5;249mA[0m[38;5;249ms[0m[38;5;249mp[0m[38;5;249mi[0m[38;5;249mr[0m[38;5;249ma[0m[38;5;249mt[0m[38;5;249mi[0m[38;5;249mo[0m[38;5;249mn[0m[38;5;249ms[0m[38;5;249mI[0m[38;5;249mn[0m[38;5;249md[0m[38;5;249me[0m[38;5;249mx[0m[38;5;249m,[0m[38;5;249m [0m[38;5;249ms[0m[38;5;249mt[0m[38;5;249mu[0m[38;5;249md[0m[38;5;249me[0m[38;5;249mn[0m[38;5;249mt[0m[38;5;249mD[0m[38;5;249ma[0m[38;5;249ms[0m[38;5;249mh[0m[38;5;249mb[0m[38;5;249mo[0m[38;5;249ma[0m[38;5;249mr[0m[38;5;249md[0m[38;5;249m,[0m[38;5;249m [0mstudentAspirationsIndex[38;5;249m [0m[38;5;249m}[0m[38;5;249m [0m[38;5;249mf[0m[38;5;249mr[0m[38;5;249mo[0m[38;5;249mm[0m[38;5;249m [0m[38;5;249m"[0m[38;5;249m@[0m[38;5;249m/[0m[38;5;249mr[0m[38;5;249mo[0m[38;5;249mu[0m[38;5;249mt[0m[38;5;249me[0m[38;5;249ms[0m[38;5;249m"[0m[38;5;249m;[0m
 [38;5;240m  │[0m                                                                                  ───────────┬───────────  
 [38;5;240m  │[0m                                                                                             ╰───────────── Missing export
[38;5;246m───╯[0m

...
    at aggregateBindingErrorsIntoJsError (file:///home/itsazni/projects/web/ukk/node_modules/rolldown/dist/shared/error-BLhcSyeg.mjs:48:18)
    at unwrapBindingResult (file:///home/itsazni/projects/web/ukk/node_modules/rolldown/dist/shared/error-BLhcSyeg.mjs:18:128)
    at #build (file:///home/itsazni/projects/web/ukk/node_modules/rolldown/dist/shared/rolldown-build-CPrIX9V6.mjs:3313:34)
    at async buildEnvironment (file:///home/itsazni/projects/web/ukk/node_modules/vite/dist/node/chunks/node.js:32849:64)
    at async Object.build (file:///home/itsazni/projects/web/ukk/node_modules/vite/dist/node/chunks/node.js:33271:19)
    at async Object.buildApp (file:///home/itsazni/projects/web/ukk/node_modules/vite/dist/node/chunks/node.js:33268:153)
    at async CAC.<anonymous> (file:///home/itsazni/projects/web/ukk/node_modules/vite/dist/node/cli.js:778:3) {
  errors: [Getter/Setter]
}
